  decryptor.c
C:\Users\MALDEV01\Desktop\Source_OWN\CurveLock\Decryptor\decryptor.c(28,17): warning C4047: 'initializing': 'LSTATUS' differs in levels of indirection from 'void *'
C:\Users\MALDEV01\Desktop\Source_OWN\CurveLock\Decryptor\decryptor.c(68,14): warning C4101: 'status': unreferenced local variable
C:\Users\MALDEV01\Desktop\Source_OWN\CurveLock\Decryptor\decryptor.c(147,88): warning C4267: '=': conversion from 'size_t' to 'DWORD', possible loss of data
C:\Users\MALDEV01\Desktop\Source_OWN\CurveLock\Decryptor\decryptor.c(149,23): warning C4047: '=': 'ULONG_PTR' differs in levels of indirection from 'PWCHAR'
C:\Users\MALDEV01\Desktop\Source_OWN\CurveLock\Decryptor\decryptor.c(179,32): warning C4022: 'ReadFile': pointer mismatch for actual parameter 2
C:\Users\MALDEV01\Desktop\Source_OWN\CurveLock\Decryptor\decryptor.c(213,38): warning C4022: 'WriteFile': pointer mismatch for actual parameter 2
C:\Users\MALDEV01\Desktop\Source_OWN\CurveLock\Decryptor\decryptor.c(220,16): warning C4473: 'printf' : not enough arguments passed for format string
      C:\Users\MALDEV01\Desktop\Source_OWN\CurveLock\Decryptor\decryptor.c(220,16):
      placeholders and their parameters expect 1 variadic arguments, but 0 were provided
      C:\Users\MALDEV01\Desktop\Source_OWN\CurveLock\Decryptor\decryptor.c(220,16):
      the missing variadic argument 1 is required by format string '%d'
  
C:\Users\MALDEV01\Desktop\Source_OWN\CurveLock\Decryptor\decryptor.c(225,16): warning C4473: 'printf' : not enough arguments passed for format string
      C:\Users\MALDEV01\Desktop\Source_OWN\CurveLock\Decryptor\decryptor.c(225,16):
      placeholders and their parameters expect 1 variadic arguments, but 0 were provided
      C:\Users\MALDEV01\Desktop\Source_OWN\CurveLock\Decryptor\decryptor.c(225,16):
      the missing variadic argument 1 is required by format string '%d'
  
C:\Users\MALDEV01\Desktop\Source_OWN\CurveLock\Decryptor\decryptor.c(254,14): warning C4022: 'free': pointer mismatch for actual parameter 1
C:\Users\MALDEV01\Desktop\Source_OWN\CurveLock\Decryptor\decryptor.c(127,29): warning C4047: 'initializing': 'ULONG_PTR' differs in levels of indirection from 'void *'
C:\Users\MALDEV01\Desktop\Source_OWN\CurveLock\Decryptor\decryptor.c(128,9): warning C4047: 'initializing': 'ULONG_PTR' differs in levels of indirection from 'void *'
C:\Users\MALDEV01\Desktop\Source_OWN\CurveLock\Decryptor\decryptor.c(129,9): warning C4047: 'initializing': 'ULONG_PTR' differs in levels of indirection from 'void *'
  Generating code
  2 of 13 functions (15.4%) were compiled, the rest were copied from previous compilation.
    0 functions were new in current compilation
    1 functions had inline decision re-evaluated but remain unchanged
  Finished generating code
  Decryptor.vcxproj -> C:\Users\MALDEV01\Desktop\Source_OWN\CurveLock\x64\Release\Decryptor.exe
