c:\users\swaya\source\repos\swayampadhy\curvelock\curvelock\x64\debug\vc143.pdb
c:\users\swaya\source\repos\swayampadhy\curvelock\curvelock\x64\debug\vc143.idb
c:\users\swaya\source\repos\swayampadhy\curvelock\curvelock\x64\debug\entropyreducer.obj
c:\users\swaya\source\repos\swayampadhy\curvelock\curvelock\x64\debug\curvelock.obj
c:\users\swaya\source\repos\swayampadhy\curvelock\x64\debug\curvelock.exe
c:\users\swaya\source\repos\swayampadhy\curvelock\x64\debug\curvelock.pdb
c:\users\swaya\source\repos\swayampadhy\curvelock\curvelock\x64\debug\curvelock.ilk
c:\users\maldev01\desktop\source_own\curvelock\curvelock\x64\debug\curvelock.obj
c:\users\maldev01\desktop\source_own\curvelock\curvelock\x64\debug\entropyreducer.obj
c:\users\maldev01\desktop\source_own\curvelock\curvelock\x64\debug\temp.obj
c:\users\maldev01\desktop\source_own\curvelock\curvelock\x64\debug\curvelock.ilk
c:\users\maldev01\desktop\source_own\curvelock\curvelock\x64\debug\vc143.idb
c:\users\maldev01\desktop\source_own\curvelock\curvelock\x64\debug\vc143.pdb
c:\users\maldev01\desktop\source_own\curvelock\x64\debug\curvelock.pdb
c:\users\maldev01\desktop\source_own\curvelock\x64\debug\curvelock.exe
c:\users\maldev01\desktop\source_own\curvelock\curvelock\x64\debug\curvelock.tlog\cl.command.1.tlog
c:\users\maldev01\desktop\source_own\curvelock\curvelock\x64\debug\curvelock.tlog\cl.items.tlog
c:\users\maldev01\desktop\source_own\curvelock\curvelock\x64\debug\curvelock.tlog\cl.read.1.tlog
c:\users\maldev01\desktop\source_own\curvelock\curvelock\x64\debug\curvelock.tlog\cl.write.1.tlog
c:\users\maldev01\desktop\source_own\curvelock\curvelock\x64\debug\curvelock.tlog\link.command.1.tlog
c:\users\maldev01\desktop\source_own\curvelock\curvelock\x64\debug\curvelock.tlog\link.read.1.tlog
c:\users\maldev01\desktop\source_own\curvelock\curvelock\x64\debug\curvelock.tlog\link.secondary.1.tlog
c:\users\maldev01\desktop\source_own\curvelock\curvelock\x64\debug\curvelock.tlog\link.write.1.tlog
