c:\users\swaya\source\repos\swayampadhy\curvelock\payloadentropyreducer\x64\debug\vc143.pdb
c:\users\swaya\source\repos\swayampadhy\curvelock\payloadentropyreducer\x64\debug\vc143.idb
c:\users\swaya\source\repos\swayampadhy\curvelock\payloadentropyreducer\x64\debug\entropyreducer.obj
c:\users\swaya\source\repos\swayampadhy\curvelock\payloadentropyreducer\x64\debug\main.obj
c:\users\swaya\source\repos\swayampadhy\curvelock\payloadentropyreducer\x64\debug\readwrite.obj
c:\users\swaya\source\repos\swayampadhy\curvelock\x64\debug\payloadentropyreducer.exe
c:\users\swaya\source\repos\swayampadhy\curvelock\x64\debug\payloadentropyreducer.pdb
c:\users\swaya\source\repos\swayampadhy\curvelock\payloadentropyreducer\x64\debug\payloadentropyreducer.ilk
c:\users\maldev01\desktop\source_own\curvelock\payloadentropyreducer\x64\debug\entropyreducer.obj
c:\users\maldev01\desktop\source_own\curvelock\payloadentropyreducer\x64\debug\main.obj
c:\users\maldev01\desktop\source_own\curvelock\payloadentropyreducer\x64\debug\readwrite.obj
c:\users\maldev01\desktop\source_own\curvelock\payloadentropyreducer\x64\debug\payloadentropyreducer.ilk
c:\users\maldev01\desktop\source_own\curvelock\payloadentropyreducer\x64\debug\vc143.idb
c:\users\maldev01\desktop\source_own\curvelock\payloadentropyreducer\x64\debug\vc143.pdb
c:\users\maldev01\desktop\source_own\curvelock\x64\debug\payloadentropyreducer.pdb
c:\users\maldev01\desktop\source_own\curvelock\x64\debug\payloadentropyreducer.exe
c:\users\maldev01\desktop\source_own\curvelock\payloadentropyreducer\x64\debug\payloade.5e21b27c.tlog\cl.command.1.tlog
c:\users\maldev01\desktop\source_own\curvelock\payloadentropyreducer\x64\debug\payloade.5e21b27c.tlog\cl.items.tlog
c:\users\maldev01\desktop\source_own\curvelock\payloadentropyreducer\x64\debug\payloade.5e21b27c.tlog\cl.read.1.tlog
c:\users\maldev01\desktop\source_own\curvelock\payloadentropyreducer\x64\debug\payloade.5e21b27c.tlog\cl.write.1.tlog
c:\users\maldev01\desktop\source_own\curvelock\payloadentropyreducer\x64\debug\payloade.5e21b27c.tlog\link.command.1.tlog
c:\users\maldev01\desktop\source_own\curvelock\payloadentropyreducer\x64\debug\payloade.5e21b27c.tlog\link.read.1.tlog
c:\users\maldev01\desktop\source_own\curvelock\payloadentropyreducer\x64\debug\payloade.5e21b27c.tlog\link.secondary.1.tlog
c:\users\maldev01\desktop\source_own\curvelock\payloadentropyreducer\x64\debug\payloade.5e21b27c.tlog\link.write.1.tlog
