c:\users\maldev01\desktop\source_own\curvelock\payloadembedfetch\x64\debug\vc143.pdb
c:\users\maldev01\desktop\source_own\curvelock\payloadembedfetch\x64\debug\vc143.idb
c:\users\maldev01\desktop\source_own\curvelock\payloadembedfetch\x64\debug\payloadembedfetch.obj
c:\users\maldev01\desktop\source_own\curvelock\payloadembedfetch\x64\debug\payloadembedfetch.ilk
c:\users\maldev01\desktop\source_own\curvelock\x64\debug\payloadembedfetch.pdb
c:\users\maldev01\desktop\source_own\curvelock\payloadembedfetch\x64\debug\payloade.1ba337b9.tlog\cl.command.1.tlog
c:\users\maldev01\desktop\source_own\curvelock\payloadembedfetch\x64\debug\payloade.1ba337b9.tlog\cl.items.tlog
c:\users\maldev01\desktop\source_own\curvelock\payloadembedfetch\x64\debug\payloade.1ba337b9.tlog\cl.read.1.tlog
c:\users\maldev01\desktop\source_own\curvelock\payloadembedfetch\x64\debug\payloade.1ba337b9.tlog\cl.write.1.tlog
c:\users\maldev01\desktop\source_own\curvelock\payloadembedfetch\x64\debug\payloade.1ba337b9.tlog\link.5860-cvtres.read.1.tlog
c:\users\maldev01\desktop\source_own\curvelock\payloadembedfetch\x64\debug\payloade.1ba337b9.tlog\link.5860-cvtres.write.1.tlog
c:\users\maldev01\desktop\source_own\curvelock\payloadembedfetch\x64\debug\payloade.1ba337b9.tlog\link.5860-rc.read.1.tlog
c:\users\maldev01\desktop\source_own\curvelock\payloadembedfetch\x64\debug\payloade.1ba337b9.tlog\link.5860-rc.write.1.tlog
c:\users\maldev01\desktop\source_own\curvelock\payloadembedfetch\x64\debug\payloade.1ba337b9.tlog\link.5860.read.1.tlog
c:\users\maldev01\desktop\source_own\curvelock\payloadembedfetch\x64\debug\payloade.1ba337b9.tlog\link.5860.read.3.tlog
c:\users\maldev01\desktop\source_own\curvelock\payloadembedfetch\x64\debug\payloade.1ba337b9.tlog\link.5860.write.1.tlog
c:\users\maldev01\desktop\source_own\curvelock\payloadembedfetch\x64\debug\payloade.1ba337b9.tlog\link.command.1.tlog
c:\users\maldev01\desktop\source_own\curvelock\payloadembedfetch\x64\debug\payloade.1ba337b9.tlog\link.read.1.tlog
c:\users\maldev01\desktop\source_own\curvelock\payloadembedfetch\x64\debug\payloade.1ba337b9.tlog\link.secondary.1.tlog
c:\users\maldev01\desktop\source_own\curvelock\payloadembedfetch\x64\debug\payloade.1ba337b9.tlog\link.write.1.tlog
